Started GET "/" for ::1 at 2020-05-20 23:26:02 +0300
  [1m[35m (4.1ms)[0m  [1m[34mSELECT sqlite_version(*)[0m
Processing by Rails::WelcomeController#index as HTML
  Rendering /home/hacker/.rvm/gems/ruby-2.5.7/gems/railties-6.0.3.1/lib/rails/templates/rails/welcome/index.html.erb
  Rendered /home/hacker/.rvm/gems/ruby-2.5.7/gems/railties-6.0.3.1/lib/rails/templates/rails/welcome/index.html.erb (Duration: 65.3ms | Allocations: 459)
Completed 200 OK in 190ms (Views: 96.7ms | ActiveRecord: 0.0ms | Allocations: 2708)


Started GET "/" for ::1 at 2020-05-20 23:26:10 +0300
Processing by Rails::WelcomeController#index as HTML
  Rendering /home/hacker/.rvm/gems/ruby-2.5.7/gems/railties-6.0.3.1/lib/rails/templates/rails/welcome/index.html.erb
  Rendered /home/hacker/.rvm/gems/ruby-2.5.7/gems/railties-6.0.3.1/lib/rails/templates/rails/welcome/index.html.erb (Duration: 16.2ms | Allocations: 189)
Completed 200 OK in 24ms (Views: 20.1ms | ActiveRecord: 0.0ms | Allocations: 936)


Started GET "/" for ::1 at 2020-05-20 23:27:49 +0300
  [1m[35m (0.1ms)[0m  [1m[34mSELECT sqlite_version(*)[0m
Processing by PagesController#index as HTML
  Rendering pages/index.html.erb within layouts/application
  Rendered pages/index.html.erb within layouts/application (Duration: 1.1ms | Allocations: 92)
[Webpacker] Compiling...
[Webpacker] Compiled all packs in /home/hacker/sites/hacksocial/public/packs
[Webpacker] Hash: 733018b4071e9a91c130
Version: webpack 4.43.0
Time: 19792ms
Built at: 05/20/2020 11:28:15 PM
                                     Asset       Size       Chunks                         Chunk Names
    js/application-3414cfdd7465e58de80d.js   2.69 MiB  application  [emitted] [immutable]  application
js/application-3414cfdd7465e58de80d.js.map   2.83 MiB  application  [emitted] [dev]        application
                             manifest.json  364 bytes               [emitted]              
Entrypoint application = js/application-3414cfdd7465e58de80d.js js/application-3414cfdd7465e58de80d.js.map
[./app/javascript/channels sync recursive _channel\.js$] ./app/javascript/channels sync _channel\.js$ 160 bytes {application} [built]
[./app/javascript/channels/index.js] 211 bytes {application} [built]
[./app/javascript/packs/application.js] 784 bytes {application} [built]
[./app/javascript/stylesheets/application.scss] 664 bytes {application} [built]
[./node_modules/css-loader/dist/cjs.js?!./node_modules/postcss-loader/src/index.js?!./node_modules/sass-loader/dist/cjs.js?!./app/javascript/stylesheets/application.scss] ./node_modules/css-loader/dist/cjs.js??ref--7-1!./node_modules/postcss-loader/src??ref--7-2!./node_modules/sass-loader/dist/cjs.js??ref--7-3!./app/javascript/stylesheets/application.scss 2.55 MiB {application} [built]
[./node_modules/webpack/buildin/module.js] (webpack)/buildin/module.js 552 bytes {application} [built]
    + 5 hidden modules

Completed 200 OK in 26130ms (Views: 26127.6ms | ActiveRecord: 0.0ms | Allocations: 20894)


Started GET "/" for ::1 at 2020-05-20 23:28:30 +0300
Processing by PagesController#index as HTML
  Rendering pages/index.html.erb within layouts/application
  Rendered pages/index.html.erb within layouts/application (Duration: 1.7ms | Allocations: 112)
[Webpacker] Everything's up-to-date. Nothing to do
Completed 200 OK in 47ms (Views: 41.8ms | ActiveRecord: 0.0ms | Allocations: 4825)


Started GET "/" for ::1 at 2020-05-20 23:28:40 +0300
Processing by PagesController#index as HTML
  Rendering pages/index.html.erb within layouts/application
  Rendered pages/index.html.erb within layouts/application (Duration: 2.1ms | Allocations: 110)
[Webpacker] Everything's up-to-date. Nothing to do
Completed 200 OK in 40ms (Views: 34.7ms | ActiveRecord: 0.0ms | Allocations: 4806)


